#At time x process y state arr w total z remain y wait k
At time 5 process 1 started arr 5 total 4 remain 4 wait 0
At time 8 process 1 stopped arr 5 total 4 remain 1 wait 0
At time 8 process 1 resumed arr 5 total 4 remain 1 wait 0
At time 9 process 1 finished arr 5 total 4 remain 0 wait 0 TA 4 WTA 1.00
At time 9 process 2 started arr 9 total 17 remain 17 wait 0
At time 12 process 2 stopped arr 9 total 17 remain 14 wait 0
At time 12 process 2 resumed arr 9 total 17 remain 14 wait 0
At time 15 process 2 stopped arr 9 total 17 remain 11 wait 0
At time 15 process 2 resumed arr 9 total 17 remain 11 wait 0
At time 18 process 2 stopped arr 9 total 17 remain 8 wait 0
At time 18 process 3 started arr 16 total 10 remain 10 wait 2
At time 21 process 3 stopped arr 16 total 10 remain 7 wait 2
At time 21 process 2 resumed arr 9 total 17 remain 8 wait 3
At time 24 process 2 stopped arr 9 total 17 remain 5 wait 3
At time 24 process 3 resumed arr 16 total 10 remain 7 wait 5
At time 27 process 3 stopped arr 16 total 10 remain 4 wait 5
At time 27 process 2 resumed arr 9 total 17 remain 5 wait 6
At time 30 process 2 stopped arr 9 total 17 remain 2 wait 6
At time 30 process 3 resumed arr 16 total 10 remain 4 wait 8
At time 33 process 3 stopped arr 16 total 10 remain 1 wait 8
At time 33 process 2 resumed arr 9 total 17 remain 2 wait 9
At time 35 process 2 finished arr 9 total 17 remain 0 wait 9 TA 26 WTA 1.53
At time 35 process 3 resumed arr 16 total 10 remain 1 wait 10
At time 36 process 3 finished arr 16 total 10 remain 0 wait 10 TA 20 WTA 2.00
